<?xml version="1.0" encoding="UTF-8"?>
<testsuite xmlns:xsi="http://www.w3.org/2001/XMLSchema-instance" xsi:noNamespaceSchemaLocation="https://maven.apache.org/surefire/maven-surefire-plugin/xsd/surefire-test-report.xsd" version="3.0.2" name="tests.CadastroProdutoNegativoTest" time="24.816" tests="3" errors="0" skipped="0" failures="0">
  <properties>
[...]
</properties>
  <testcase name="CT_EST_CAD_002_bloquearCadastroComSkuVazio" classname="tests.CadastroProdutoNegativoTest" time="16.128">
    <system-err><![CDATA[SLF4J(W): No SLF4J providers were found.
SLF4J(W): Defaulting to no-operation (NOP) logger implementation
SLF4J(W): See https://www.slf4j.org/codes.html#noProviders for further details.
set. 16, 2026 9:02:21 PM org.openqa.selenium.devtools.CdpVersionFinder findNearestMatch
WARNING: Unable to find an exact match for CDP version 152, returning the closest version; found: 148; Please update to a Selenium version that supports CDP version 152
]]></system-err>
  </testcase>
  <testcase name="CT_EST_CAD_003_bloquearCadastroComNomeAbaixoLimiteMinimo" classname="tests.CadastroProdutoNegativoTest" time="5.31">
    <system-err><![CDATA[set. 16, 2026 9:02:29 PM org.openqa.selenium.devtools.CdpVersionFinder findNearestMatch
WARNING: Unable to find an exact match for CDP version 152, returning the closest version; found: 148; Please update to a Selenium version that supports CDP version 152
]]></system-err>
  </testcase>
  <testcase name="CT_EST_CAD_001_bloquearCadastroComNomeVazio" classname="tests.CadastroProdutoNegativoTest" time="3.214">
    <system-err><![CDATA[set. 16, 2026 9:02:32 PM org.openqa.selenium.devtools.CdpVersionFinder findNearestMatch
WARNING: Unable to find an exact match for CDP version 152, returning the closest version; found: 148; Please update to a Selenium version that supports CDP version 152
]]></system-err>
  </testcase>
</testsuite>